<?xml version="1.0" encoding="UTF-8"?>
<testng-results ignored="0" total="1" passed="1" failed="0" skipped="0">
  <reporter-output>
  </reporter-output>
  <suite started-at="2022-07-29T09:48:04 IST" name="Default suite" finished-at="2022-07-29T09:48:09 IST" duration-ms="4767">
    <groups>
    </groups>
    <test started-at="2022-07-29T09:48:04 IST" name="Default test" finished-at="2022-07-29T09:48:09 IST" duration-ms="4767">
      <class name="actiTIME.ExcelWorkbook">
        <test-method signature="test()[pri:0, instance:actiTIME.ExcelWorkbook@4d910fd6]" started-at="2022-07-29T09:48:04 IST" name="test" finished-at="2022-07-29T09:48:09 IST" duration-ms="4710" status="PASS">
          <reporter-output>
          </reporter-output>
        </test-method> <!-- test -->
      </class> <!-- actiTIME.ExcelWorkbook -->
    </test> <!-- Default test -->
  </suite> <!-- Default suite -->
</testng-results>
